BSPC version 2.2, Jan 14 2026 15:46:43
forcesidesvisible = true
optimize = true
reach: D:\Q3RallyDev\q3rally_tryout\baseq3r\maps\q3r_ridgeracer.bsp to D:\Q3RallyDev\q3rally_tryout\baseq3r\maps\q3r_ridgeracer.aas
loading collision map...
CM_LoadMap( D:\Q3RallyDev\q3rally_tryout\baseq3r\maps\q3r_ridgeracer.bsp, 0 )
0 weapon jump areas
calculating reachability...

please wait while storing reachability...
trigger_multiple model = "*1"
calculating clusters...
area 713 is a forced portal area
area 714 is a forced portal area
area 835 is a forced portal area
area 836 is a forced portal area
area 856 is a forced portal area
area 857 is a forced portal area
area 1234 is a forced portal area
area 1252 is a forced portal area
area 1253 is a forced portal area
area 1258 is a forced portal area
area 1280 is a forced portal area
area 1282 is a forced portal area
area 1784 is a forced portal area
area 1785 is a forced portal area
area 2181 is a forced portal area
area 2182 is a forced portal area
area 2220 is a forced portal area
area 2221 is a forced portal area
    18 forced portal areas
portal area 713 has no front cluster
portal area 714 has no front cluster
portal area 835 has no front cluster
portal area 836 has no front cluster
portal area 856 has no front cluster
portal area 857 has no front cluster
portal area 1234 has no front cluster
portal area 1252 has no front cluster
portal area 1253 has no front cluster
portal area 1258 has no front cluster
portal area 1280 has no front cluster
portal area 1282 has no front cluster
portal area 1784 has no front cluster
portal area 1785 has no front cluster
portal area 2181 has no front cluster
portal area 2182 has no front cluster
portal area 2220 has no front cluster
portal area 2221 has no front cluster

     1 portals created
     1 clusters created
     0 total reachability areas
     0 AAS memory/CPU usage (the lower the better)
AAS data optimized.
writing D:\Q3RallyDev\q3rally_tryout\baseq3r\maps\q3r_ridgeracer.aas
numvertexes = 0
numplanes = 3620
numedges = 1
edgeindexsize = 0
numfaces = 1
faceindexsize = 0
numareas = 2263
numareasettings = 2263
reachabilitysize = 1
numnodes = 8208
numportals = 1
portalindexsize = 0
numclusters = 1
     0 walk
     0 crouch
     0 barrier jump
     0 jump
     0 ladder
     0 walk off ledge
     0 swim
     0 water jump
     0 teleport
     0 elevator
     0 rocket jump
     0 bfg jump
     0 grapple hook
     0 double jump
     0 ramp jump
     0 strafe jump
     0 jump pad
     0 func bob
freed  of AAS memory
BSPC run time is     1 seconds
